Arguments: 
  C:\Program Files\nodejs\node.exe C:\Users\Raju\Desktop\Apiton\apiton\node_modules\yarn\bin\yarn.js add swiper@5.x vue-awesome-swiper

PATH: 
  C:\Users\Raju\Desktop\Apiton\apiton\node_modules\.bin;C:\Program Files\Common Files\Oracle\Java\javapath;C:\Python27\;C:\Python27\Scripts;C:\Python39\Scripts\;C:\Python39\;C:\Program Files (x86)\Common Files\Intel\Shared Libraries\redist\intel64_win\compiler;C:\Program Files (x86)\Common Files\Intel\Shared Libraries\redist\intel64\compiler;C:\Windows\system32;C:\Windows;C:\Windows\System32\Wbem;C:\Windows\System32\WindowsPowerShell\v1.0\;C:\Windows\System32\OpenSSH\;C:\ProgramData\chocolatey\bin;C:\Program Files\TortoiseSVN\bin;C:\xampp\php;C:\ProgramData\ComposerSetup\bin;C:\Program Files (x86)\Yarn\bin\;C:\Program Files\Common Files\Autodesk Shared\;C:\Program Files\Git\cmd;C:\Program Files\Microsoft SQL Server\120\Tools\Binn\;C:\Program Files\nodejs\;C:\Users\Raju\AppData\Local\Microsoft\WindowsApps;C:\Users\Raju\AppData\Local\Programs\Microsoft VS Code\bin;C:\flutter\bin;C:\flutter;C:\dart-sdk\bin;C:\Users\Raju\AppData\Roaming\Composer\vendor\bin;C:\Users\Raju\AppData\Local\Yarn\bin;C:\Program Files\heroku\bin;C:\Users\Raju\AppData\Roaming\npm

Yarn version: 
  1.22.10

Node version: 
  12.19.0

Platform: 
  win32 x64

Trace: 
  SyntaxError: C:\Users\Raju\Desktop\Apiton\apiton\package.json: Unexpected token } in JSON at position 393
      at JSON.parse (<anonymous>)
      at C:\Users\Raju\Desktop\Apiton\apiton\node_modules\yarn\lib\cli.js:1625:59
      at Generator.next (<anonymous>)
      at step (C:\Users\Raju\Desktop\Apiton\apiton\node_modules\yarn\lib\cli.js:310:30)
      at C:\Users\Raju\Desktop\Apiton\apiton\node_modules\yarn\lib\cli.js:321:13

npm manifest: 
  {
    "name": "apiton",
    "version": "1.0.0",
    "description": "Apiton - Vue Nuxt App Landing Page Template",
    "author": "Layerdrops",
    "private": true,
    "scripts": {
      "dev": "nuxt",
      "build": "nuxt build",
      "start": "nuxt start",
      "generate": "nuxt generate"
    },
    "dependencies": {
      "nuxt": "^2.0.0",
      "vue-count-to": "^1.0.13",
      "vue-observe-visibility": "^0.4.6",
    },
    "devDependencies": {}
  }

yarn manifest: 
  No manifest

Lockfile: 
  No lockfile
